2/19/2018 5:14:50 PM	This log contains information about the import schema operation into project 'NorthwindDB' on computer 'TCL60010523506' by user 'PGanathe'.
2/19/2018 5:14:50 PM	Import of database schema has started.
2/19/2018 5:14:56 PM	Gathering database credentials
2/19/2018 5:14:56 PM	Gathering database options
2/19/2018 5:14:56 PM	Gathering users
2/19/2018 5:14:56 PM	Gathering roles
2/19/2018 5:14:56 PM	Gathering application roles
2/19/2018 5:14:56 PM	Gathering role memberships
2/19/2018 5:14:56 PM	Gathering filegroups
2/19/2018 5:14:56 PM	Gathering full-text catalogs
2/19/2018 5:14:56 PM	Gathering assemblies
2/19/2018 5:14:56 PM	Gathering certificates
2/19/2018 5:14:56 PM	Gathering asymmetric keys
2/19/2018 5:14:56 PM	Gathering symmetric keys
2/19/2018 5:14:56 PM	Gathering encrypted symmetric keys
2/19/2018 5:14:56 PM	Gathering schemas
2/19/2018 5:14:56 PM	Gathering XML schema collections
2/19/2018 5:14:56 PM	Gathering user-defined data types
2/19/2018 5:14:56 PM	Gathering user-defined types
2/19/2018 5:14:56 PM	Gathering table types
2/19/2018 5:14:56 PM	Gathering unique keys for table types
2/19/2018 5:14:56 PM	Gathering primary keys for table types
2/19/2018 5:14:56 PM	Gathering indexes for table types
2/19/2018 5:14:56 PM	Gathering check constraints for table types
2/19/2018 5:14:56 PM	Gathering default constraints for table types
2/19/2018 5:14:56 PM	Gathering partition functions
2/19/2018 5:14:56 PM	Gathering partition schemes
2/19/2018 5:14:57 PM	Gathering functions
2/19/2018 5:14:57 PM	Gathering encrypted functions
2/19/2018 5:14:57 PM	Gathering aggregates
2/19/2018 5:14:57 PM	Gathering procedures
2/19/2018 5:14:57 PM	Gathering encrypted procedures
2/19/2018 5:14:57 PM	Gathering tables
2/19/2018 5:14:57 PM	Gathering primary keys
2/19/2018 5:14:57 PM	Gathering unique constraints
2/19/2018 5:14:57 PM	Gathering foreign keys
2/19/2018 5:14:57 PM	Gathering default constraints
2/19/2018 5:14:57 PM	Gathering check constraints
2/19/2018 5:14:57 PM	Gathering views
2/19/2018 5:14:57 PM	Gathering encrypted views
2/19/2018 5:14:57 PM	Gathering indexes
2/19/2018 5:14:57 PM	Gathering statistics
2/19/2018 5:14:57 PM	Gathering full-text index stoplists
2/19/2018 5:14:57 PM	Gathering search property lists
2/19/2018 5:14:57 PM	Gathering search properties
2/19/2018 5:14:57 PM	Gathering full-text indexes
2/19/2018 5:14:57 PM	Gathering column store indexes
2/19/2018 5:14:57 PM	Gathering spatial indexes
2/19/2018 5:14:57 PM	Gathering XML indexes
2/19/2018 5:14:57 PM	Gathering Selective XML indexes
2/19/2018 5:14:57 PM	Gathering encrypted triggers
2/19/2018 5:14:57 PM	Gathering triggers
2/19/2018 5:14:57 PM	Gathering encrypted and clr ddl triggers
2/19/2018 5:14:57 PM	Gathering ddl triggers
2/19/2018 5:14:57 PM	Gathering synonyms
2/19/2018 5:14:57 PM	Gathering defaults
2/19/2018 5:14:57 PM	Gathering data constraint uddt bindings
2/19/2018 5:14:57 PM	Gathering rules
2/19/2018 5:14:57 PM	Gathering data constraint uddt bindings
2/19/2018 5:14:57 PM	Gathering message types
2/19/2018 5:14:57 PM	Gathering queues
2/19/2018 5:14:57 PM	Gathering contracts
2/19/2018 5:14:57 PM	Gathering services
2/19/2018 5:14:57 PM	Gathering event notifications
2/19/2018 5:14:57 PM	Gathering remote service bindings
2/19/2018 5:14:57 PM	Gathering broker priorities
2/19/2018 5:14:57 PM	Gathering signatures
2/19/2018 5:14:57 PM	Gathering data compression options
2/19/2018 5:14:57 PM	Gathering sequence types
2/19/2018 5:14:57 PM	Gathering security policies
2/19/2018 5:14:57 PM	Gather column encryption keys
2/19/2018 5:14:57 PM	Gathering column master keys
2/19/2018 5:14:58 PM	Gathering external data sources
2/19/2018 5:14:58 PM	Gathering external file formats
2/19/2018 5:14:58 PM	Gathering external tables
2/19/2018 5:14:58 PM	Gathering extended properties
2/19/2018 5:14:58 PM	Gathering credentials
2/19/2018 5:14:58 PM	Gathering logins
2/19/2018 5:14:58 PM	Gathering server audits
2/19/2018 5:14:58 PM	Scanning project for duplicate elements
2/19/2018 5:14:58 PM	Finished duplicate element processing
2/19/2018 5:14:59 PM	Finished importing database.
2/19/2018 5:14:59 PM	A summary of the import was saved to the following location: D:\GloHealPlus\NorthwindDB\Import Schema Logs\NorthwindDB_20180219114450.log
2/19/2018 5:14:59 PM	Click Finish to continue...
